DEBUG 2018-03-30 19:01:01,745: 	 Executing command: 'submit'
DEBUG 2018-03-30 19:01:01,745: 	 Found CRAB cache file /cms/ldap_home/jhchoi/.crab3
DEBUG 2018-03-30 19:01:01,753: 	 Checking credentials
DEBUG 2018-03-30 19:01:01,754: 	 Found proxy file /tmp/x509up_u556950710
DEBUG 2018-03-30 19:01:01,754: 	 Getting proxy life time left
DEBUG 2018-03-30 19:01:01,857: 	 Executing : 
 command : voms-proxy-info -file /tmp/x509up_u556950710 -timeleft
 output : 80125

 error: 
 retcode : 0
DEBUG 2018-03-30 19:01:01,959: 	 Executing : 
 command : voms-proxy-info -file /tmp/x509up_u556950710 -actimeleft
 output : 80125

 error: 
 retcode : 0
DEBUG 2018-03-30 19:01:01,959: 	 Proxy valid for 22:15:25 hours
INFO 2018-03-30 19:01:01,960: 	 Will use CRAB configuration file crab_submit_50plus_muon_status2223.py
DEBUG 2018-03-30 19:01:01,960: 	 Loading CRAB configuration file.
DEBUG 2018-03-30 19:01:04,383: 	 Will use CRAB Analysis plugin (i.e. will run an analysis job type).
DEBUG 2018-03-30 19:01:04,501: 	 Executing : 
 command : openssl x509 -in ~/.globus/usercert.pem -subject -noout
 output : subject= /DC=ch/DC=cern/OU=Organic Units/OU=Users/CN=jhchoi/CN=783142/CN=Junho Choi

 error: 
 retcode : 0
DEBUG 2018-03-30 19:01:04,501: 	 Checking credentials
DEBUG 2018-03-30 19:01:04,501: 	 Found proxy file /tmp/x509up_u556950710
DEBUG 2018-03-30 19:01:04,501: 	 Getting proxy life time left
DEBUG 2018-03-30 19:01:04,604: 	 Executing : 
 command : voms-proxy-info -file /tmp/x509up_u556950710 -timeleft
 output : 80122

 error: 
 retcode : 0
DEBUG 2018-03-30 19:01:04,706: 	 Executing : 
 command : voms-proxy-info -file /tmp/x509up_u556950710 -actimeleft
 output : 80122

 error: 
 retcode : 0
DEBUG 2018-03-30 19:01:04,706: 	 Proxy valid for 22:15:22 hours
DEBUG 2018-03-30 19:01:04,808: 	 Executing : 
 command : env X509_USER_PROXY=/tmp/x509up_u556950710 voms-proxy-info -fqan
 output : /cms/Role=NULL/Capability=NULL

 error: 
 retcode : 0
DEBUG 2018-03-30 19:01:06,548: 	 Registering user credentials for server /DC=ch/DC=cern/OU=computers/CN=vocms(045|052|021|031|0118|0118a|0119|0108|0105|0109).cern.ch
DEBUG 2018-03-30 19:01:06,654: 	 Executing : 
 command : openssl x509 -in ~/.globus/usercert.pem -subject -noout
 output : subject= /DC=ch/DC=cern/OU=Organic Units/OU=Users/CN=jhchoi/CN=783142/CN=Junho Choi

 error: 
 retcode : 0
DEBUG 2018-03-30 19:01:06,654: 	 Getting myproxy life time left for myproxy.cern.ch
DEBUG 2018-03-30 19:01:06,654: 	 Calculating hash of /DC=ch/DC=cern/OU=Organic Units/OU=Users/CN=jhchoi/CN=783142/CN=Junho Choi_cmsweb.cern.ch for credential name
DEBUG 2018-03-30 19:01:08,559: 	 Executing : 
 command : myproxy-info -l dae06a62b13c1e0775eb39a9f7eb9d9800db9ada -s myproxy.cern.ch
 output : username: dae06a62b13c1e0775eb39a9f7eb9d9800db9ada
owner: /DC=ch/DC=cern/OU=Organic Units/OU=Users/CN=jhchoi/CN=783142/CN=Junho Choi
  renewal policy: /DC=ch/DC=cern/OU=computers/CN=vocms(045|052|021|031|0118|0118a|0119|0108|0105|0109).cern.ch
  trusted retrieval policy: /DC=ch/DC=cern/OU=computers/CN=vocms(045|052|021|031|0118|0118a|0119|0108|0105|0109).cern.ch
  timeleft: 478:55:09  (20.0 days)

 error: 
 retcode : 0
DEBUG 2018-03-30 19:01:08,560: 	 Myproxy is valid: 1724109
DEBUG 2018-03-30 19:01:08,560: 	 Command use: submit
DEBUG 2018-03-30 19:01:08,560: 	 Options use: ['-c', 'crab_submit_50plus_muon_status2223.py']
DEBUG 2018-03-30 19:01:10,329: 	 CRABClient version: 3.3.1803
DEBUG 2018-03-30 19:01:10,329: 	 Instance is prod
DEBUG 2018-03-30 19:01:10,329: 	 Server base url is cmsweb.cern.ch
DEBUG 2018-03-30 19:01:10,329: 	 Command url /crabserver/prod/workflow
DEBUG 2018-03-30 19:01:10,329: 	 Started submission
DEBUG 2018-03-30 19:01:10,329: 	 Working on /cms/ldap_home/jhchoi/miniAOD_copy/CMSSW_8_0_21/src/Analyzer/JHanalyzer/python/crab_projects/crab_crab_ISR_GEN_Ntupler_50plus_muon_status2223_v4
DEBUG 2018-03-30 19:01:12,179: 	 Loading required information from the environment
DEBUG 2018-03-30 19:01:12,179: 	 Found CMSSW_8_0_21 for slc6_amd64_gcc530 with base /cms/ldap_home/jhchoi/miniAOD_copy/CMSSW_8_0_21
DEBUG 2018-03-30 19:01:12,179: 	 Loading required information from the environment
DEBUG 2018-03-30 19:01:12,179: 	 Found CMSSW_8_0_21 for slc6_amd64_gcc530 with base /cms/ldap_home/jhchoi/miniAOD_copy/CMSSW_8_0_21
DEBUG 2018-03-30 19:01:12,189: 	 UNIQUE NAME: tarUUID cfb7b562-86b6-40d6-a93a-41607a471116 
DEBUG 2018-03-30 19:01:12,190: 	 self.config: from WMCore.Configuration import Configuration
config = Configuration()
config.section_('General')
config.General.workArea = 'crab_projects'
config.General.requestName = 'crab_ISR_GEN_Ntupler_50plus_muon_status2223_v4'
config.section_('JobType')
config.JobType.psetName = 'ISR_GEN_Ntupler_muon_status2223.py'
config.JobType.pluginName = 'Analysis'
config.JobType.maxMemoryMB = 4000
config.section_('Data')
config.Data.inputDataset = '/DYJetsToLL_M-50_TuneCUETP8M1_13TeV-amcatnloFXFX-pythia8/RunIISummer15GS-MCRUN2_71_V1-v1/GEN-SIM'
config.Data.publication = False
config.Data.unitsPerJob = 40
config.Data.inputDBS = 'global'
config.Data.splitting = 'LumiBased'
config.Data.useParent = True
config.Data.outLFNDirBase = '/store/user/jhchoi/'
config.section_('Site')
config.Site.whitelist = ['T2_KR_KNU']
config.Site.storageSite = 'T2_KR_KNU'
config.section_('User')
config.section_('Debug')

DEBUG 2018-03-30 19:01:12,190: 	 self.config.JobType.psetName: ISR_GEN_Ntupler_muon_status2223.py
INFO 2018-03-30 19:01:12,190: 	 Importing CMSSW configuration ISR_GEN_Ntupler_muon_status2223.py
INFO 2018-03-30 19:01:12,242: 	 Finished importing CMSSW configuration ISR_GEN_Ntupler_muon_status2223.py
DEBUG 2018-03-30 19:01:12,242: 	 Writing CMSSW configuration to /cms/ldap_home/jhchoi/miniAOD_copy/CMSSW_8_0_21/src/Analyzer/JHanalyzer/python/crab_projects/crab_crab_ISR_GEN_Ntupler_50plus_muon_status2223_v4/inputs/PSet.py
DEBUG 2018-03-30 19:01:12,257: 	 The following EDM output files will be collected: []
DEBUG 2018-03-30 19:01:12,258: 	 The following TFile output files will be collected: ['ISR_GENtuple.root']
DEBUG 2018-03-30 19:01:12,258: 	 The following user output files will be collected: []
DEBUG 2018-03-30 19:01:12,258: 	 Loading required information from the environment
DEBUG 2018-03-30 19:01:12,258: 	 Found CMSSW_8_0_21 for slc6_amd64_gcc530 with base /cms/ldap_home/jhchoi/miniAOD_copy/CMSSW_8_0_21
DEBUG 2018-03-30 19:01:12,258: 	 Making tarball in /cms/ldap_home/jhchoi/miniAOD_copy/CMSSW_8_0_21/src/Analyzer/JHanalyzer/python/crab_projects/crab_crab_ISR_GEN_Ntupler_50plus_muon_status2223_v4/inputs/cfb7b562-86b6-40d6-a93a-41607a471116default.tgz
DEBUG 2018-03-30 19:01:12,294: 	 Checking directory /cms/ldap_home/jhchoi/miniAOD_copy/CMSSW_8_0_21/lib
DEBUG 2018-03-30 19:01:12,294: 	 Adding directory /cms/ldap_home/jhchoi/miniAOD_copy/CMSSW_8_0_21/lib to tarball
DEBUG 2018-03-30 19:01:12,345: 	 Checking directory /cms/ldap_home/jhchoi/miniAOD_copy/CMSSW_8_0_21/biglib
DEBUG 2018-03-30 19:01:12,345: 	 Adding directory /cms/ldap_home/jhchoi/miniAOD_copy/CMSSW_8_0_21/biglib to tarball
DEBUG 2018-03-30 19:01:12,346: 	 Checking directory /cms/ldap_home/jhchoi/miniAOD_copy/CMSSW_8_0_21/module
DEBUG 2018-03-30 19:01:12,804: 	 Uploading archive /cms/ldap_home/jhchoi/miniAOD_copy/CMSSW_8_0_21/src/Analyzer/JHanalyzer/python/crab_projects/crab_crab_ISR_GEN_Ntupler_50plus_muon_status2223_v4/inputs/cfb7b562-86b6-40d6-a93a-41607a471116default.tgz (83 KB) to the CRAB cache. Using URI https://cmsweb.cern.ch/crabcache
DEBUG 2018-03-30 19:01:15,888: 	 Loading required information from the environment
DEBUG 2018-03-30 19:01:15,888: 	 Found CMSSW_8_0_21 for slc6_amd64_gcc530 with base /cms/ldap_home/jhchoi/miniAOD_copy/CMSSW_8_0_21
DEBUG 2018-03-30 19:01:15,888: 	 Making tarball in /cms/ldap_home/jhchoi/miniAOD_copy/CMSSW_8_0_21/src/Analyzer/JHanalyzer/python/crab_projects/crab_crab_ISR_GEN_Ntupler_50plus_muon_status2223_v4/inputs/debugFiles.tgz
DEBUG 2018-03-30 19:01:15,894: 	 Uploading archive /cms/ldap_home/jhchoi/miniAOD_copy/CMSSW_8_0_21/src/Analyzer/JHanalyzer/python/crab_projects/crab_crab_ISR_GEN_Ntupler_50plus_muon_status2223_v4/inputs/debugFiles.tgz (1 KB) to the CRAB cache. Using URI https://cmsweb.cern.ch/crabcache
DEBUG 2018-03-30 19:01:18,155: 	 Result uploading input files: 0d744cee3a085ca2664cb33c7cb2ac9268b819c747a1605b443f5192e1794d35.tar.gz 
INFO 2018-03-30 19:01:18,155: 	 Sending the request to the server
DEBUG 2018-03-30 19:01:18,155: 	 Submitting {'maxjobruntime': 1250, 'extrajdl': [], 'ignorelocality': 0, 'savelogsflag': 0, 'useparent': 1, 'asyncdest': 'T2_KR_KNU', 'algoargs': 40, 'cachefilename': '0d744cee3a085ca2664cb33c7cb2ac9268b819c747a1605b443f5192e1794d35.tar.gz', 'numcores': 1, 'addoutputfiles': [], 'generator': 'pythia', 'maxmemory': 4000, 'publishdbsurl': 'https://cmsweb.cern.ch/dbs/prod/phys03/DBSWriter', 'priority': 10, 'jobsw': 'CMSSW_8_0_21', 'edmoutfiles': [], 'userfiles': [], 'primarydataset': '', 'inputdata': '/DYJetsToLL_M-50_TuneCUETP8M1_13TeV-amcatnloFXFX-pythia8/RunIISummer15GS-MCRUN2_71_V1-v1/GEN-SIM', 'lfn': '/store/user/jhchoi/', 'dryrun': 0, 'workflow': 'crab_crab_ISR_GEN_Ntupler_50plus_muon_status2223_v4', 'sitewhitelist': ['T2_KR_KNU'], 'nonprodsw': 0, 'tfileoutfiles': ['ISR_GENtuple.root'], 'oneEventMode': 0, 'debugfilename': '50fb0b29c37a74b1f5e45f420ddafd5708df8f85f26c768c0ece874243ffdb88.tar.gz', 'cacheurl': u'https://cmsweb.cern.ch/crabcache', 'saveoutput': 1, 'publication': 0, 'jobarch': 'slc6_amd64_gcc530', 'totalunits': 0, 'splitalgo': 'LumiBased', 'ignoreglobalblacklist': 0, 'nonvaliddata': 0, 'dbsurl': 'https://cmsweb.cern.ch/dbs/prod/global/DBSReader', 'publishgroupname': 0, 'jobtype': 'Analysis', 'publishname2': ''} 
DEBUG 2018-03-30 19:01:18,156: 	 Encoded submit request: maxjobruntime=1250&ignorelocality=0&savelogsflag=0&useparent=1&asyncdest=T2_KR_KNU&algoargs=40&cachefilename=0d744cee3a085ca2664cb33c7cb2ac9268b819c747a1605b443f5192e1794d35.tar.gz&numcores=1&generator=pythia&maxmemory=4000&publishdbsurl=https%3A%2F%2Fcmsweb.cern.ch%2Fdbs%2Fprod%2Fphys03%2FDBSWriter&priority=10&jobsw=CMSSW_8_0_21&primarydataset=&inputdata=%2FDYJetsToLL_M-50_TuneCUETP8M1_13TeV-amcatnloFXFX-pythia8%2FRunIISummer15GS-MCRUN2_71_V1-v1%2FGEN-SIM&lfn=%2Fstore%2Fuser%2Fjhchoi%2F&dryrun=0&workflow=crab_crab_ISR_GEN_Ntupler_50plus_muon_status2223_v4&nonprodsw=0&oneEventMode=0&debugfilename=50fb0b29c37a74b1f5e45f420ddafd5708df8f85f26c768c0ece874243ffdb88.tar.gz&cacheurl=https%3A%2F%2Fcmsweb.cern.ch%2Fcrabcache&saveoutput=1&publication=0&jobarch=slc6_amd64_gcc530&totalunits=0&splitalgo=LumiBased&ignoreglobalblacklist=0&nonvaliddata=0&dbsurl=https%3A%2F%2Fcmsweb.cern.ch%2Fdbs%2Fprod%2Fglobal%2FDBSReader&publishgroupname=0&jobtype=Analysis&publishname2=&sitewhitelist=T2_KR_KNU&tfileoutfiles=ISR_GENtuple.root
DEBUG 2018-03-30 19:01:20,470: 	 Result: {u'result': [{u'RequestName': u'180330_100120:jhchoi_crab_crab_ISR_GEN_Ntupler_50plus_muon_status2223_v4'}]}
INFO 2018-03-30 19:01:20,474: 	 Success: Your task has been delivered to the CRAB3 server.
INFO 2018-03-30 19:01:20,474: 	 Task name: 180330_100120:jhchoi_crab_crab_ISR_GEN_Ntupler_50plus_muon_status2223_v4
INFO 2018-03-30 19:01:20,474: 	 Please use 'crab status' to check how the submission process proceeds.
DEBUG 2018-03-30 19:01:20,474: 	 About to return
INFO 2018-03-30 19:01:20,477: 	 Log file is /cms/ldap_home/jhchoi/miniAOD_copy/CMSSW_8_0_21/src/Analyzer/JHanalyzer/python/crab_projects/crab_crab_ISR_GEN_Ntupler_50plus_muon_status2223_v4/crab.log
DEBUG 2018-03-30 19:02:23,052: 	 Executing command: 'status'
DEBUG 2018-03-30 19:02:23,053: 	 Found CRAB cache file /cms/ldap_home/jhchoi/.crab3
DEBUG 2018-03-30 19:02:23,061: 	 Checking credentials
DEBUG 2018-03-30 19:02:23,061: 	 Found proxy file /tmp/x509up_u556950710
DEBUG 2018-03-30 19:02:23,061: 	 Getting proxy life time left
DEBUG 2018-03-30 19:02:23,163: 	 Executing : 
 command : voms-proxy-info -file /tmp/x509up_u556950710 -timeleft
 output : 80043

 error: 
 retcode : 0
DEBUG 2018-03-30 19:02:23,266: 	 Executing : 
 command : voms-proxy-info -file /tmp/x509up_u556950710 -actimeleft
 output : 80043

 error: 
 retcode : 0
DEBUG 2018-03-30 19:02:23,266: 	 Proxy valid for 22:14:03 hours
DEBUG 2018-03-30 19:02:23,378: 	 Executing : 
 command : openssl x509 -in ~/.globus/usercert.pem -subject -noout
 output : subject= /DC=ch/DC=cern/OU=Organic Units/OU=Users/CN=jhchoi/CN=783142/CN=Junho Choi

 error: 
 retcode : 0
DEBUG 2018-03-30 19:02:23,379: 	 Checking credentials
DEBUG 2018-03-30 19:02:23,379: 	 Found proxy file /tmp/x509up_u556950710
DEBUG 2018-03-30 19:02:23,379: 	 Getting proxy life time left
DEBUG 2018-03-30 19:02:23,481: 	 Executing : 
 command : voms-proxy-info -file /tmp/x509up_u556950710 -timeleft
 output : 80043

 error: 
 retcode : 0
DEBUG 2018-03-30 19:02:23,583: 	 Executing : 
 command : voms-proxy-info -file /tmp/x509up_u556950710 -actimeleft
 output : 80043

 error: 
 retcode : 0
DEBUG 2018-03-30 19:02:23,583: 	 Proxy valid for 22:14:03 hours
DEBUG 2018-03-30 19:02:25,647: 	 Registering user credentials for server /DC=ch/DC=cern/OU=computers/CN=vocms(045|052|021|031|0118|0118a|0119|0108|0105|0109).cern.ch
DEBUG 2018-03-30 19:02:25,753: 	 Executing : 
 command : openssl x509 -in ~/.globus/usercert.pem -subject -noout
 output : subject= /DC=ch/DC=cern/OU=Organic Units/OU=Users/CN=jhchoi/CN=783142/CN=Junho Choi

 error: 
 retcode : 0
DEBUG 2018-03-30 19:02:25,753: 	 Getting myproxy life time left for myproxy.cern.ch
DEBUG 2018-03-30 19:02:25,754: 	 Calculating hash of /DC=ch/DC=cern/OU=Organic Units/OU=Users/CN=jhchoi/CN=783142/CN=Junho Choi_cmsweb.cern.ch for credential name
DEBUG 2018-03-30 19:02:27,659: 	 Executing : 
 command : myproxy-info -l dae06a62b13c1e0775eb39a9f7eb9d9800db9ada -s myproxy.cern.ch
 output : username: dae06a62b13c1e0775eb39a9f7eb9d9800db9ada
owner: /DC=ch/DC=cern/OU=Organic Units/OU=Users/CN=jhchoi/CN=783142/CN=Junho Choi
  renewal policy: /DC=ch/DC=cern/OU=computers/CN=vocms(045|052|021|031|0118|0118a|0119|0108|0105|0109).cern.ch
  trusted retrieval policy: /DC=ch/DC=cern/OU=computers/CN=vocms(045|052|021|031|0118|0118a|0119|0108|0105|0109).cern.ch
  timeleft: 478:53:50  (20.0 days)

 error: 
 retcode : 0
DEBUG 2018-03-30 19:02:27,660: 	 Myproxy is valid: 1724030
DEBUG 2018-03-30 19:02:27,660: 	 Command use: status
DEBUG 2018-03-30 19:02:27,660: 	 Options use: ['-d', 'crab_projects/crab_crab_ISR_GEN_Ntupler_50plus_muon_status2223_v4/']
DEBUG 2018-03-30 19:02:29,421: 	 CRABClient version: 3.3.1803
DEBUG 2018-03-30 19:02:29,421: 	 Instance is prod
DEBUG 2018-03-30 19:02:29,421: 	 Server base url is cmsweb.cern.ch
DEBUG 2018-03-30 19:02:29,421: 	 Command url /crabserver/prod/workflow
DEBUG 2018-03-30 19:02:31,205: 	 Got information from server oracle database: {u'result': [u'180330_100120:jhchoi_crab_crab_ISR_GEN_Ntupler_50plus_muon_status2223_v4', u'None', u'None', u'QUEUED', u'SUBMIT', u'2018-03-30 10:01:20.329747', u'None', u'None', u'None', u'CMSSW_8_0_21', u'slc6_amd64_gcc530', u'/DYJetsToLL_M-50_TuneCUETP8M1_13TeV-amcatnloFXFX-pythia8/RunIISummer15GS-MCRUN2_71_V1-v1/GEN-SIM', u'F', u'1', u"['T2_KR_KNU']", u'[]', u'LumiBased', u"{'splitOnRun': False, 'halt_job_on_file_boundaries': False, 'lumis': [], 'runs': [], 'lumis_per_job': 40}", u'0d744cee3a085ca2664cb33c7cb2ac9268b819c747a1605b443f5192e1794d35.tar.gz', u'https://cmsweb.cern.ch/crabcache', u'jhchoi', u'/DC=ch/DC=cern/OU=Organic Units/OU=Users/CN=jhchoi/CN=783142/CN=Junho Choi', u'cms', u'None', u'None', u'crab_crab_ISR_GEN_Ntupler_50plus_muon_status2223_v4-00000000000000000000000000000000', u'F', u'T2_KR_KNU', u'https://cmsweb.cern.ch/dbs/prod/global/DBSReader', u'https://cmsweb.cern.ch/dbs/prod/phys03/DBSWriter', u'F', u'[]', u"['ISR_GENtuple.root']", u'[]', u'Analysis', u'pythia', u'None', u'{}', u'[]', u'F', u'vocms052', u'[]', u'1250', u'1', u'4000', u'10', u'None', u'[]', u'None', u'None', u'[]', u'[]', u'https://cmsweb.cern.ch/crabserver/prod', u'cmsgwms-collector-global.cern.ch:9620,cmssrv221.fnal.gov:9620', u'None', u'F', u'[]', u'T', u'/store/user/jhchoi/', u'F', u'None', u'F', u'None', u'DYJetsToLL_M-50_TuneCUETP8M1_13TeV-amcatnloFXFX-pythia8', u'None', u'50fb0b29c37a74b1f5e45f420ddafd5708df8f85f26c768c0ece874243ffdb88.tar.gz', u'None', u'filetransfers', u'F', u'134.75.124.121', u'0.0'], u'desc': {u'columns': [u'tm_taskname', u'tm_activity', u'panda_jobset_id', u'tm_task_status', u'tm_task_command', u'tm_start_time', u'tm_start_injection', u'tm_end_injection', u'tm_task_failure', u'tm_job_sw', u'tm_job_arch', u'tm_input_dataset', u'tm_nonvalid_input_dataset', u'tm_use_parent', u'tm_site_whitelist', u'tm_site_blacklist', u'tm_split_algo', u'tm_split_args', u'tm_user_sandbox', u'tm_cache_url', u'tm_username', u'tm_user_dn', u'tm_user_vo', u'tm_user_role', u'tm_user_group', u'tm_publish_name', u'tm_publish_groupname', u'tm_asyncdest', u'tm_dbs_url', u'tm_publish_dbs_url', u'tm_publication', u'tm_outfiles', u'tm_tfile_outfiles', u'tm_edm_outfiles', u'tm_job_type', u'tm_generator', u'tm_events_per_lumi', u'tm_arguments', u'panda_resubmitted_jobs', u'tm_save_logs', u'tw_name', u'tm_user_infiles', u'tm_maxjobruntime', u'tm_numcores', u'tm_maxmemory', u'tm_priority', u'tm_output_dataset', u'tm_task_warnings', u'tm_user_webdir', u'tm_scriptexe', u'tm_scriptargs', u'tm_extrajdl', u'tm_asourl', u'tm_collector', u'tm_schedd', u'tm_dry_run', u'tm_user_files', u'tm_transfer_outputs', u'tm_output_lfn', u'tm_ignore_locality', u'tm_fail_limit', u'tm_one_event_mode', u'tm_secondary_input_dataset', u'tm_primary_dataset', u'tm_last_publication', u'tm_debug_files', u'clusterid', u'tm_asodb', u'tm_ignore_global_blacklist', u'tm_submitter_ip_addr', u'tm_totalunits']}}
INFO 2018-03-30 19:02:31,206: 	 CRAB project directory:		/cms/ldap_home/jhchoi/miniAOD_copy/CMSSW_8_0_21/src/Analyzer/JHanalyzer/python/crab_projects/crab_crab_ISR_GEN_Ntupler_50plus_muon_status2223_v4
INFO 2018-03-30 19:02:31,206: 	 Task name:			180330_100120:jhchoi_crab_crab_ISR_GEN_Ntupler_50plus_muon_status2223_v4
INFO 2018-03-30 19:02:31,206: 	 Status on the CRAB server:	QUEUED on command SUBMIT
INFO 2018-03-30 19:02:31,206: 	 Task URL to use for HELP:	https://cmsweb.cern.ch/crabserver/ui/task/180330_100120%3Ajhchoi_crab_crab_ISR_GEN_Ntupler_50plus_muon_status2223_v4
DEBUG 2018-03-30 19:02:31,206: 	 The task has not been submitted to the Grid scheduler yet. Not printing job information.
INFO 2018-03-30 19:02:31,241: 	 Log file is /cms/ldap_home/jhchoi/miniAOD_copy/CMSSW_8_0_21/src/Analyzer/JHanalyzer/python/crab_projects/crab_crab_ISR_GEN_Ntupler_50plus_muon_status2223_v4/crab.log
