DEBUG 2018-03-30 18:35:23,452: 	 Executing command: 'submit'
DEBUG 2018-03-30 18:35:23,453: 	 Found CRAB cache file /cms/ldap_home/jhchoi/.crab3
DEBUG 2018-03-30 18:35:23,458: 	 Checking credentials
DEBUG 2018-03-30 18:35:23,458: 	 Found proxy file /tmp/x509up_u556950710
DEBUG 2018-03-30 18:35:23,458: 	 Getting proxy life time left
DEBUG 2018-03-30 18:35:23,560: 	 Executing : 
 command : voms-proxy-info -file /tmp/x509up_u556950710 -timeleft
 output : 81663

 error: 
 retcode : 0
DEBUG 2018-03-30 18:35:23,662: 	 Executing : 
 command : voms-proxy-info -file /tmp/x509up_u556950710 -actimeleft
 output : 81663

 error: 
 retcode : 0
DEBUG 2018-03-30 18:35:23,662: 	 Proxy valid for 22:41:03 hours
INFO 2018-03-30 18:35:23,662: 	 Will use CRAB configuration file crab_submit_50plus_muon_status2223.py
DEBUG 2018-03-30 18:35:23,662: 	 Loading CRAB configuration file.
DEBUG 2018-03-30 18:35:25,791: 	 Will use CRAB Analysis plugin (i.e. will run an analysis job type).
DEBUG 2018-03-30 18:35:25,911: 	 Executing : 
 command : openssl x509 -in ~/.globus/usercert.pem -subject -noout
 output : subject= /DC=ch/DC=cern/OU=Organic Units/OU=Users/CN=jhchoi/CN=783142/CN=Junho Choi

 error: 
 retcode : 0
DEBUG 2018-03-30 18:35:25,911: 	 Checking credentials
DEBUG 2018-03-30 18:35:25,911: 	 Found proxy file /tmp/x509up_u556950710
DEBUG 2018-03-30 18:35:25,911: 	 Getting proxy life time left
DEBUG 2018-03-30 18:35:26,013: 	 Executing : 
 command : voms-proxy-info -file /tmp/x509up_u556950710 -timeleft
 output : 81661

 error: 
 retcode : 0
DEBUG 2018-03-30 18:35:26,115: 	 Executing : 
 command : voms-proxy-info -file /tmp/x509up_u556950710 -actimeleft
 output : 81660

 error: 
 retcode : 0
DEBUG 2018-03-30 18:35:26,115: 	 Proxy valid for 22:41:01 hours
DEBUG 2018-03-30 18:35:26,217: 	 Executing : 
 command : env X509_USER_PROXY=/tmp/x509up_u556950710 voms-proxy-info -fqan
 output : /cms/Role=NULL/Capability=NULL

 error: 
 retcode : 0
DEBUG 2018-03-30 18:35:27,990: 	 Registering user credentials for server /DC=ch/DC=cern/OU=computers/CN=vocms(045|052|021|031|0118|0118a|0119|0108|0105|0109).cern.ch
DEBUG 2018-03-30 18:35:28,095: 	 Executing : 
 command : openssl x509 -in ~/.globus/usercert.pem -subject -noout
 output : subject= /DC=ch/DC=cern/OU=Organic Units/OU=Users/CN=jhchoi/CN=783142/CN=Junho Choi

 error: 
 retcode : 0
DEBUG 2018-03-30 18:35:28,096: 	 Getting myproxy life time left for myproxy.cern.ch
DEBUG 2018-03-30 18:35:28,096: 	 Calculating hash of /DC=ch/DC=cern/OU=Organic Units/OU=Users/CN=jhchoi/CN=783142/CN=Junho Choi_cmsweb.cern.ch for credential name
DEBUG 2018-03-30 18:35:29,800: 	 Executing : 
 command : myproxy-info -l dae06a62b13c1e0775eb39a9f7eb9d9800db9ada -s myproxy.cern.ch
 output : username: dae06a62b13c1e0775eb39a9f7eb9d9800db9ada
owner: /DC=ch/DC=cern/OU=Organic Units/OU=Users/CN=jhchoi/CN=783142/CN=Junho Choi
  renewal policy: /DC=ch/DC=cern/OU=computers/CN=vocms(045|052|021|031|0118|0118a|0119|0108|0105|0109).cern.ch
  trusted retrieval policy: /DC=ch/DC=cern/OU=computers/CN=vocms(045|052|021|031|0118|0118a|0119|0108|0105|0109).cern.ch
  timeleft: 479:20:48  (20.0 days)

 error: 
 retcode : 0
DEBUG 2018-03-30 18:35:29,801: 	 Myproxy is valid: 1725648
DEBUG 2018-03-30 18:35:29,801: 	 Command use: submit
DEBUG 2018-03-30 18:35:29,801: 	 Options use: ['-c', 'crab_submit_50plus_muon_status2223.py']
DEBUG 2018-03-30 18:35:31,523: 	 CRABClient version: 3.3.1803
DEBUG 2018-03-30 18:35:31,523: 	 Instance is prod
DEBUG 2018-03-30 18:35:31,523: 	 Server base url is cmsweb.cern.ch
DEBUG 2018-03-30 18:35:31,523: 	 Command url /crabserver/prod/workflow
DEBUG 2018-03-30 18:35:31,523: 	 Started submission
DEBUG 2018-03-30 18:35:31,523: 	 Working on /cms/ldap_home/jhchoi/miniAOD_copy/CMSSW_8_0_21/src/Analyzer/JHanalyzer/python/crab_projects/crab_crab_ISR_GEN_Ntupler_50plus_muon_status2223_v2
DEBUG 2018-03-30 18:35:33,335: 	 Loading required information from the environment
DEBUG 2018-03-30 18:35:33,335: 	 Found CMSSW_8_0_21 for slc6_amd64_gcc530 with base /cms/ldap_home/jhchoi/miniAOD_copy/CMSSW_8_0_21
DEBUG 2018-03-30 18:35:33,335: 	 Loading required information from the environment
DEBUG 2018-03-30 18:35:33,335: 	 Found CMSSW_8_0_21 for slc6_amd64_gcc530 with base /cms/ldap_home/jhchoi/miniAOD_copy/CMSSW_8_0_21
DEBUG 2018-03-30 18:35:33,346: 	 UNIQUE NAME: tarUUID ef51e733-d235-4011-9e7e-7b6a370b5291 
DEBUG 2018-03-30 18:35:33,346: 	 self.config: from WMCore.Configuration import Configuration
config = Configuration()
config.section_('General')
config.General.workArea = 'crab_projects'
config.General.requestName = 'crab_ISR_GEN_Ntupler_50plus_muon_status2223_v2'
config.section_('JobType')
config.JobType.psetName = 'ISR_GEN_Ntupler_muon_status2223.py'
config.JobType.pluginName = 'Analysis'
config.JobType.maxMemoryMB = 4000
config.section_('Data')
config.Data.inputDataset = '/DYJetsToLL_M-50_TuneCUETP8M1_13TeV-amcatnloFXFX-pythia8/RunIISummer15GS-MCRUN2_71_V1-v1/GEN-SIM'
config.Data.publication = False
config.Data.unitsPerJob = 20
config.Data.inputDBS = 'global'
config.Data.splitting = 'LumiBased'
config.Data.useParent = True
config.Data.outLFNDirBase = '/store/user/jhchoi/'
config.section_('Site')
config.Site.whitelist = ['T2_KR_KNU']
config.Site.storageSite = 'T2_KR_KNU'
config.section_('User')
config.section_('Debug')

DEBUG 2018-03-30 18:35:33,346: 	 self.config.JobType.psetName: ISR_GEN_Ntupler_muon_status2223.py
INFO 2018-03-30 18:35:33,347: 	 Importing CMSSW configuration ISR_GEN_Ntupler_muon_status2223.py
INFO 2018-03-30 18:35:33,398: 	 Finished importing CMSSW configuration ISR_GEN_Ntupler_muon_status2223.py
DEBUG 2018-03-30 18:35:33,398: 	 Writing CMSSW configuration to /cms/ldap_home/jhchoi/miniAOD_copy/CMSSW_8_0_21/src/Analyzer/JHanalyzer/python/crab_projects/crab_crab_ISR_GEN_Ntupler_50plus_muon_status2223_v2/inputs/PSet.py
DEBUG 2018-03-30 18:35:33,418: 	 The following EDM output files will be collected: []
DEBUG 2018-03-30 18:35:33,418: 	 The following TFile output files will be collected: ['ISR_GENtuple.root']
DEBUG 2018-03-30 18:35:33,418: 	 The following user output files will be collected: []
DEBUG 2018-03-30 18:35:33,418: 	 Loading required information from the environment
DEBUG 2018-03-30 18:35:33,418: 	 Found CMSSW_8_0_21 for slc6_amd64_gcc530 with base /cms/ldap_home/jhchoi/miniAOD_copy/CMSSW_8_0_21
DEBUG 2018-03-30 18:35:33,418: 	 Making tarball in /cms/ldap_home/jhchoi/miniAOD_copy/CMSSW_8_0_21/src/Analyzer/JHanalyzer/python/crab_projects/crab_crab_ISR_GEN_Ntupler_50plus_muon_status2223_v2/inputs/ef51e733-d235-4011-9e7e-7b6a370b5291default.tgz
DEBUG 2018-03-30 18:35:33,453: 	 Checking directory /cms/ldap_home/jhchoi/miniAOD_copy/CMSSW_8_0_21/lib
DEBUG 2018-03-30 18:35:33,453: 	 Adding directory /cms/ldap_home/jhchoi/miniAOD_copy/CMSSW_8_0_21/lib to tarball
DEBUG 2018-03-30 18:35:33,503: 	 Checking directory /cms/ldap_home/jhchoi/miniAOD_copy/CMSSW_8_0_21/biglib
DEBUG 2018-03-30 18:35:33,504: 	 Adding directory /cms/ldap_home/jhchoi/miniAOD_copy/CMSSW_8_0_21/biglib to tarball
DEBUG 2018-03-30 18:35:33,505: 	 Checking directory /cms/ldap_home/jhchoi/miniAOD_copy/CMSSW_8_0_21/module
DEBUG 2018-03-30 18:35:33,937: 	 Uploading archive /cms/ldap_home/jhchoi/miniAOD_copy/CMSSW_8_0_21/src/Analyzer/JHanalyzer/python/crab_projects/crab_crab_ISR_GEN_Ntupler_50plus_muon_status2223_v2/inputs/ef51e733-d235-4011-9e7e-7b6a370b5291default.tgz (83 KB) to the CRAB cache. Using URI https://cmsweb.cern.ch/crabcache
DEBUG 2018-03-30 18:35:37,019: 	 Loading required information from the environment
DEBUG 2018-03-30 18:35:37,019: 	 Found CMSSW_8_0_21 for slc6_amd64_gcc530 with base /cms/ldap_home/jhchoi/miniAOD_copy/CMSSW_8_0_21
DEBUG 2018-03-30 18:35:37,019: 	 Making tarball in /cms/ldap_home/jhchoi/miniAOD_copy/CMSSW_8_0_21/src/Analyzer/JHanalyzer/python/crab_projects/crab_crab_ISR_GEN_Ntupler_50plus_muon_status2223_v2/inputs/debugFiles.tgz
DEBUG 2018-03-30 18:35:37,026: 	 Uploading archive /cms/ldap_home/jhchoi/miniAOD_copy/CMSSW_8_0_21/src/Analyzer/JHanalyzer/python/crab_projects/crab_crab_ISR_GEN_Ntupler_50plus_muon_status2223_v2/inputs/debugFiles.tgz (1 KB) to the CRAB cache. Using URI https://cmsweb.cern.ch/crabcache
DEBUG 2018-03-30 18:35:39,305: 	 Result uploading input files: 0d744cee3a085ca2664cb33c7cb2ac9268b819c747a1605b443f5192e1794d35.tar.gz 
INFO 2018-03-30 18:35:39,305: 	 Sending the request to the server
DEBUG 2018-03-30 18:35:39,305: 	 Submitting {'maxjobruntime': 1250, 'extrajdl': [], 'ignorelocality': 0, 'savelogsflag': 0, 'useparent': 1, 'asyncdest': 'T2_KR_KNU', 'algoargs': 20, 'cachefilename': '0d744cee3a085ca2664cb33c7cb2ac9268b819c747a1605b443f5192e1794d35.tar.gz', 'numcores': 1, 'addoutputfiles': [], 'generator': 'pythia', 'maxmemory': 4000, 'publishdbsurl': 'https://cmsweb.cern.ch/dbs/prod/phys03/DBSWriter', 'priority': 10, 'jobsw': 'CMSSW_8_0_21', 'edmoutfiles': [], 'userfiles': [], 'primarydataset': '', 'inputdata': '/DYJetsToLL_M-50_TuneCUETP8M1_13TeV-amcatnloFXFX-pythia8/RunIISummer15GS-MCRUN2_71_V1-v1/GEN-SIM', 'lfn': '/store/user/jhchoi/', 'dryrun': 0, 'workflow': 'crab_crab_ISR_GEN_Ntupler_50plus_muon_status2223_v2', 'sitewhitelist': ['T2_KR_KNU'], 'nonprodsw': 0, 'tfileoutfiles': ['ISR_GENtuple.root'], 'oneEventMode': 0, 'debugfilename': '2d397b89643d4b8742de8b704f06a56c88e01427988bf6615192e8d8e20edcb3.tar.gz', 'cacheurl': u'https://cmsweb.cern.ch/crabcache', 'saveoutput': 1, 'publication': 0, 'jobarch': 'slc6_amd64_gcc530', 'totalunits': 0, 'splitalgo': 'LumiBased', 'ignoreglobalblacklist': 0, 'nonvaliddata': 0, 'dbsurl': 'https://cmsweb.cern.ch/dbs/prod/global/DBSReader', 'publishgroupname': 0, 'jobtype': 'Analysis', 'publishname2': ''} 
DEBUG 2018-03-30 18:35:39,306: 	 Encoded submit request: maxjobruntime=1250&ignorelocality=0&savelogsflag=0&useparent=1&asyncdest=T2_KR_KNU&algoargs=20&cachefilename=0d744cee3a085ca2664cb33c7cb2ac9268b819c747a1605b443f5192e1794d35.tar.gz&numcores=1&generator=pythia&maxmemory=4000&publishdbsurl=https%3A%2F%2Fcmsweb.cern.ch%2Fdbs%2Fprod%2Fphys03%2FDBSWriter&priority=10&jobsw=CMSSW_8_0_21&primarydataset=&inputdata=%2FDYJetsToLL_M-50_TuneCUETP8M1_13TeV-amcatnloFXFX-pythia8%2FRunIISummer15GS-MCRUN2_71_V1-v1%2FGEN-SIM&lfn=%2Fstore%2Fuser%2Fjhchoi%2F&dryrun=0&workflow=crab_crab_ISR_GEN_Ntupler_50plus_muon_status2223_v2&nonprodsw=0&oneEventMode=0&debugfilename=2d397b89643d4b8742de8b704f06a56c88e01427988bf6615192e8d8e20edcb3.tar.gz&cacheurl=https%3A%2F%2Fcmsweb.cern.ch%2Fcrabcache&saveoutput=1&publication=0&jobarch=slc6_amd64_gcc530&totalunits=0&splitalgo=LumiBased&ignoreglobalblacklist=0&nonvaliddata=0&dbsurl=https%3A%2F%2Fcmsweb.cern.ch%2Fdbs%2Fprod%2Fglobal%2FDBSReader&publishgroupname=0&jobtype=Analysis&publishname2=&sitewhitelist=T2_KR_KNU&tfileoutfiles=ISR_GENtuple.root
DEBUG 2018-03-30 18:35:41,756: 	 Result: {u'result': [{u'RequestName': u'180330_093541:jhchoi_crab_crab_ISR_GEN_Ntupler_50plus_muon_status2223_v2'}]}
INFO 2018-03-30 18:35:41,761: 	 Success: Your task has been delivered to the CRAB3 server.
INFO 2018-03-30 18:35:41,761: 	 Task name: 180330_093541:jhchoi_crab_crab_ISR_GEN_Ntupler_50plus_muon_status2223_v2
INFO 2018-03-30 18:35:41,761: 	 Please use 'crab status' to check how the submission process proceeds.
DEBUG 2018-03-30 18:35:41,761: 	 About to return
INFO 2018-03-30 18:35:41,764: 	 Log file is /cms/ldap_home/jhchoi/miniAOD_copy/CMSSW_8_0_21/src/Analyzer/JHanalyzer/python/crab_projects/crab_crab_ISR_GEN_Ntupler_50plus_muon_status2223_v2/crab.log
DEBUG 2018-03-30 18:53:49,271: 	 Executing command: 'status'
DEBUG 2018-03-30 18:53:49,272: 	 Found CRAB cache file /cms/ldap_home/jhchoi/.crab3
DEBUG 2018-03-30 18:53:49,281: 	 Checking credentials
DEBUG 2018-03-30 18:53:49,283: 	 Found proxy file /tmp/x509up_u556950710
DEBUG 2018-03-30 18:53:49,283: 	 Getting proxy life time left
DEBUG 2018-03-30 18:53:49,385: 	 Executing : 
 command : voms-proxy-info -file /tmp/x509up_u556950710 -timeleft
 output : 80557

 error: 
 retcode : 0
DEBUG 2018-03-30 18:53:49,488: 	 Executing : 
 command : voms-proxy-info -file /tmp/x509up_u556950710 -actimeleft
 output : 80557

 error: 
 retcode : 0
DEBUG 2018-03-30 18:53:49,488: 	 Proxy valid for 22:22:37 hours
DEBUG 2018-03-30 18:53:49,600: 	 Executing : 
 command : openssl x509 -in ~/.globus/usercert.pem -subject -noout
 output : subject= /DC=ch/DC=cern/OU=Organic Units/OU=Users/CN=jhchoi/CN=783142/CN=Junho Choi

 error: 
 retcode : 0
DEBUG 2018-03-30 18:53:49,600: 	 Checking credentials
DEBUG 2018-03-30 18:53:49,601: 	 Found proxy file /tmp/x509up_u556950710
DEBUG 2018-03-30 18:53:49,601: 	 Getting proxy life time left
DEBUG 2018-03-30 18:53:49,703: 	 Executing : 
 command : voms-proxy-info -file /tmp/x509up_u556950710 -timeleft
 output : 80557

 error: 
 retcode : 0
DEBUG 2018-03-30 18:53:49,805: 	 Executing : 
 command : voms-proxy-info -file /tmp/x509up_u556950710 -actimeleft
 output : 80557

 error: 
 retcode : 0
DEBUG 2018-03-30 18:53:49,805: 	 Proxy valid for 22:22:37 hours
DEBUG 2018-03-30 18:53:51,809: 	 Registering user credentials for server /DC=ch/DC=cern/OU=computers/CN=vocms(045|052|021|031|0118|0118a|0119|0108|0105|0109).cern.ch
DEBUG 2018-03-30 18:53:51,916: 	 Executing : 
 command : openssl x509 -in ~/.globus/usercert.pem -subject -noout
 output : subject= /DC=ch/DC=cern/OU=Organic Units/OU=Users/CN=jhchoi/CN=783142/CN=Junho Choi

 error: 
 retcode : 0
DEBUG 2018-03-30 18:53:51,916: 	 Getting myproxy life time left for myproxy.cern.ch
DEBUG 2018-03-30 18:53:51,916: 	 Calculating hash of /DC=ch/DC=cern/OU=Organic Units/OU=Users/CN=jhchoi/CN=783142/CN=Junho Choi_cmsweb.cern.ch for credential name
DEBUG 2018-03-30 18:53:53,721: 	 Executing : 
 command : myproxy-info -l dae06a62b13c1e0775eb39a9f7eb9d9800db9ada -s myproxy.cern.ch
 output : username: dae06a62b13c1e0775eb39a9f7eb9d9800db9ada
owner: /DC=ch/DC=cern/OU=Organic Units/OU=Users/CN=jhchoi/CN=783142/CN=Junho Choi
  renewal policy: /DC=ch/DC=cern/OU=computers/CN=vocms(045|052|021|031|0118|0118a|0119|0108|0105|0109).cern.ch
  trusted retrieval policy: /DC=ch/DC=cern/OU=computers/CN=vocms(045|052|021|031|0118|0118a|0119|0108|0105|0109).cern.ch
  timeleft: 479:02:24  (20.0 days)

 error: 
 retcode : 0
DEBUG 2018-03-30 18:53:53,722: 	 Myproxy is valid: 1724544
DEBUG 2018-03-30 18:53:53,722: 	 Command use: status
DEBUG 2018-03-30 18:53:53,722: 	 Options use: ['-d', 'crab_projects/crab_crab_ISR_GEN_Ntupler_50plus_muon_status2223_v2/']
DEBUG 2018-03-30 18:53:55,453: 	 CRABClient version: 3.3.1803
DEBUG 2018-03-30 18:53:55,453: 	 Instance is prod
DEBUG 2018-03-30 18:53:55,453: 	 Server base url is cmsweb.cern.ch
DEBUG 2018-03-30 18:53:55,453: 	 Command url /crabserver/prod/workflow
DEBUG 2018-03-30 18:53:57,332: 	 Got information from server oracle database: {u'result': [u'180330_093541:jhchoi_crab_crab_ISR_GEN_Ntupler_50plus_muon_status2223_v2', u'None', u'None', u'SUBMITFAILED', u'SUBMIT', u'2018-03-30 09:35:41.483683', u'None', u'2018-03-30 09:37:10.292143', u'The splitting on your task generated 15075 jobs. The maximum number of jobs in each task is 10000', u'CMSSW_8_0_21', u'slc6_amd64_gcc530', u'/DYJetsToLL_M-50_TuneCUETP8M1_13TeV-amcatnloFXFX-pythia8/RunIISummer15GS-MCRUN2_71_V1-v1/GEN-SIM', u'F', u'1', u"['T2_KR_KNU']", u'[]', u'LumiBased', u"{'splitOnRun': False, 'halt_job_on_file_boundaries': False, 'lumis': [], 'runs': [], 'lumis_per_job': 20}", u'0d744cee3a085ca2664cb33c7cb2ac9268b819c747a1605b443f5192e1794d35.tar.gz', u'https://cmsweb.cern.ch/crabcache', u'jhchoi', u'/DC=ch/DC=cern/OU=Organic Units/OU=Users/CN=jhchoi/CN=783142/CN=Junho Choi', u'cms', u'None', u'None', u'crab_crab_ISR_GEN_Ntupler_50plus_muon_status2223_v2-00000000000000000000000000000000', u'F', u'T2_KR_KNU', u'https://cmsweb.cern.ch/dbs/prod/global/DBSReader', u'https://cmsweb.cern.ch/dbs/prod/phys03/DBSWriter', u'F', u'[]', u"['ISR_GENtuple.root']", u'[]', u'Analysis', u'pythia', u'None', u'{}', u'[]', u'F', u'vocms052', u'[]', u'1250', u'1', u'4000', u'10', u'None', u'[]', u'None', u'None', u'[]', u'[]', u'https://cmsweb.cern.ch/crabserver/prod', u'cmsgwms-collector-global.cern.ch:9620,cmssrv221.fnal.gov:9620', u'None', u'F', u'[]', u'T', u'/store/user/jhchoi/', u'F', u'None', u'F', u'None', u'DYJetsToLL_M-50_TuneCUETP8M1_13TeV-amcatnloFXFX-pythia8', u'None', u'2d397b89643d4b8742de8b704f06a56c88e01427988bf6615192e8d8e20edcb3.tar.gz', u'None', u'filetransfers', u'F', u'134.75.124.121', u'0.0'], u'desc': {u'columns': [u'tm_taskname', u'tm_activity', u'panda_jobset_id', u'tm_task_status', u'tm_task_command', u'tm_start_time', u'tm_start_injection', u'tm_end_injection', u'tm_task_failure', u'tm_job_sw', u'tm_job_arch', u'tm_input_dataset', u'tm_nonvalid_input_dataset', u'tm_use_parent', u'tm_site_whitelist', u'tm_site_blacklist', u'tm_split_algo', u'tm_split_args', u'tm_user_sandbox', u'tm_cache_url', u'tm_username', u'tm_user_dn', u'tm_user_vo', u'tm_user_role', u'tm_user_group', u'tm_publish_name', u'tm_publish_groupname', u'tm_asyncdest', u'tm_dbs_url', u'tm_publish_dbs_url', u'tm_publication', u'tm_outfiles', u'tm_tfile_outfiles', u'tm_edm_outfiles', u'tm_job_type', u'tm_generator', u'tm_events_per_lumi', u'tm_arguments', u'panda_resubmitted_jobs', u'tm_save_logs', u'tw_name', u'tm_user_infiles', u'tm_maxjobruntime', u'tm_numcores', u'tm_maxmemory', u'tm_priority', u'tm_output_dataset', u'tm_task_warnings', u'tm_user_webdir', u'tm_scriptexe', u'tm_scriptargs', u'tm_extrajdl', u'tm_asourl', u'tm_collector', u'tm_schedd', u'tm_dry_run', u'tm_user_files', u'tm_transfer_outputs', u'tm_output_lfn', u'tm_ignore_locality', u'tm_fail_limit', u'tm_one_event_mode', u'tm_secondary_input_dataset', u'tm_primary_dataset', u'tm_last_publication', u'tm_debug_files', u'clusterid', u'tm_asodb', u'tm_ignore_global_blacklist', u'tm_submitter_ip_addr', u'tm_totalunits']}}
INFO 2018-03-30 18:53:57,332: 	 CRAB project directory:		/cms/ldap_home/jhchoi/miniAOD_copy/CMSSW_8_0_21/src/Analyzer/JHanalyzer/python/crab_projects/crab_crab_ISR_GEN_Ntupler_50plus_muon_status2223_v2
INFO 2018-03-30 18:53:57,332: 	 Task name:			180330_093541:jhchoi_crab_crab_ISR_GEN_Ntupler_50plus_muon_status2223_v2
INFO 2018-03-30 18:53:57,332: 	 Status on the CRAB server:	SUBMITFAILED
INFO 2018-03-30 18:53:57,332: 	 Task URL to use for HELP:	https://cmsweb.cern.ch/crabserver/ui/task/180330_093541%3Ajhchoi_crab_crab_ISR_GEN_Ntupler_50plus_muon_status2223_v2
ERROR 2018-03-30 18:53:57,332: 	 Failure message from the server:		The splitting on your task generated 15075 jobs. The maximum number of jobs in each task is 10000
DEBUG 2018-03-30 18:53:57,332: 	 The task has not been submitted to the Grid scheduler yet. Not printing job information.
INFO 2018-03-30 18:53:57,366: 	 Log file is /cms/ldap_home/jhchoi/miniAOD_copy/CMSSW_8_0_21/src/Analyzer/JHanalyzer/python/crab_projects/crab_crab_ISR_GEN_Ntupler_50plus_muon_status2223_v2/crab.log
