DEBUG 2018-03-30 17:20:03,142: 	 Executing command: 'submit'
DEBUG 2018-03-30 17:20:03,142: 	 Found CRAB cache file /cms/ldap_home/jhchoi/.crab3
DEBUG 2018-03-30 17:20:03,150: 	 Checking credentials
DEBUG 2018-03-30 17:20:03,150: 	 Found proxy file /tmp/x509up_u556950710
DEBUG 2018-03-30 17:20:03,150: 	 Getting proxy life time left
DEBUG 2018-03-30 17:20:03,253: 	 Executing : 
 command : voms-proxy-info -file /tmp/x509up_u556950710 -timeleft
 output : 86183

 error: 
 retcode : 0
DEBUG 2018-03-30 17:20:03,355: 	 Executing : 
 command : voms-proxy-info -file /tmp/x509up_u556950710 -actimeleft
 output : 86183

 error: 
 retcode : 0
DEBUG 2018-03-30 17:20:03,356: 	 Proxy valid for 23:56:23 hours
INFO 2018-03-30 17:20:03,356: 	 Will use CRAB configuration file crab_submit_10to50_muon_status2223.py
DEBUG 2018-03-30 17:20:03,356: 	 Loading CRAB configuration file.
DEBUG 2018-03-30 17:20:05,545: 	 Will use CRAB Analysis plugin (i.e. will run an analysis job type).
DEBUG 2018-03-30 17:20:05,664: 	 Executing : 
 command : openssl x509 -in ~/.globus/usercert.pem -subject -noout
 output : subject= /DC=ch/DC=cern/OU=Organic Units/OU=Users/CN=jhchoi/CN=783142/CN=Junho Choi

 error: 
 retcode : 0
DEBUG 2018-03-30 17:20:05,664: 	 Checking credentials
DEBUG 2018-03-30 17:20:05,664: 	 Found proxy file /tmp/x509up_u556950710
DEBUG 2018-03-30 17:20:05,664: 	 Getting proxy life time left
DEBUG 2018-03-30 17:20:05,767: 	 Executing : 
 command : voms-proxy-info -file /tmp/x509up_u556950710 -timeleft
 output : 86181

 error: 
 retcode : 0
DEBUG 2018-03-30 17:20:05,870: 	 Executing : 
 command : voms-proxy-info -file /tmp/x509up_u556950710 -actimeleft
 output : 86181

 error: 
 retcode : 0
DEBUG 2018-03-30 17:20:05,870: 	 Proxy valid for 23:56:21 hours
DEBUG 2018-03-30 17:20:05,973: 	 Executing : 
 command : env X509_USER_PROXY=/tmp/x509up_u556950710 voms-proxy-info -fqan
 output : /cms/Role=NULL/Capability=NULL

 error: 
 retcode : 0
DEBUG 2018-03-30 17:20:07,712: 	 Registering user credentials for server /DC=ch/DC=cern/OU=computers/CN=vocms(045|052|021|031|0118|0118a|0119|0108|0105|0109).cern.ch
DEBUG 2018-03-30 17:20:07,818: 	 Executing : 
 command : openssl x509 -in ~/.globus/usercert.pem -subject -noout
 output : subject= /DC=ch/DC=cern/OU=Organic Units/OU=Users/CN=jhchoi/CN=783142/CN=Junho Choi

 error: 
 retcode : 0
DEBUG 2018-03-30 17:20:07,818: 	 Getting myproxy life time left for myproxy.cern.ch
DEBUG 2018-03-30 17:20:07,818: 	 Calculating hash of /DC=ch/DC=cern/OU=Organic Units/OU=Users/CN=jhchoi/CN=783142/CN=Junho Choi_cmsweb.cern.ch for credential name
DEBUG 2018-03-30 17:20:09,324: 	 Executing : 
 command : myproxy-info -l dae06a62b13c1e0775eb39a9f7eb9d9800db9ada -s myproxy.cern.ch
 output : username: dae06a62b13c1e0775eb39a9f7eb9d9800db9ada
owner: /DC=ch/DC=cern/OU=Organic Units/OU=Users/CN=jhchoi/CN=783142/CN=Junho Choi
  renewal policy: /DC=ch/DC=cern/OU=computers/CN=vocms(045|052|021|031|0118|0118a|0119|0108|0105|0109).cern.ch
  trusted retrieval policy: /DC=ch/DC=cern/OU=computers/CN=vocms(045|052|021|031|0118|0118a|0119|0108|0105|0109).cern.ch
  timeleft: 480:36:08  (20.0 days)

 error: 
 retcode : 0
DEBUG 2018-03-30 17:20:09,325: 	 Myproxy is valid: 1730168
DEBUG 2018-03-30 17:20:09,325: 	 Command use: submit
DEBUG 2018-03-30 17:20:09,325: 	 Options use: ['-c', 'crab_submit_10to50_muon_status2223.py']
DEBUG 2018-03-30 17:20:11,046: 	 CRABClient version: 3.3.1803
DEBUG 2018-03-30 17:20:11,046: 	 Instance is prod
DEBUG 2018-03-30 17:20:11,046: 	 Server base url is cmsweb.cern.ch
DEBUG 2018-03-30 17:20:11,046: 	 Command url /crabserver/prod/workflow
DEBUG 2018-03-30 17:20:11,047: 	 Started submission
DEBUG 2018-03-30 17:20:11,047: 	 Working on /cms/ldap_home/jhchoi/miniAOD_copy/CMSSW_8_0_21/src/Analyzer/JHanalyzer/python/crab_projects/crab_crab_ISR_GEN_Ntupler_10to50_muon_status2223_v2
DEBUG 2018-03-30 17:20:12,865: 	 Loading required information from the environment
DEBUG 2018-03-30 17:20:12,865: 	 Found CMSSW_8_0_21 for slc6_amd64_gcc530 with base /cms/ldap_home/jhchoi/miniAOD_copy/CMSSW_8_0_21
DEBUG 2018-03-30 17:20:12,865: 	 Loading required information from the environment
DEBUG 2018-03-30 17:20:12,866: 	 Found CMSSW_8_0_21 for slc6_amd64_gcc530 with base /cms/ldap_home/jhchoi/miniAOD_copy/CMSSW_8_0_21
DEBUG 2018-03-30 17:20:12,876: 	 UNIQUE NAME: tarUUID d2cfc4c4-5a8f-45a6-b443-258bca333fa6 
DEBUG 2018-03-30 17:20:12,876: 	 self.config: from WMCore.Configuration import Configuration
config = Configuration()
config.section_('General')
config.General.workArea = 'crab_projects'
config.General.requestName = 'crab_ISR_GEN_Ntupler_10to50_muon_status2223_v2'
config.section_('JobType')
config.JobType.psetName = 'ISR_GEN_Ntupler_muon_status2223.py'
config.JobType.pluginName = 'Analysis'
config.JobType.maxMemoryMB = 4000
config.section_('Data')
config.Data.inputDataset = '/DYJetsToLL_M-10to50_TuneCUETP8M1_13TeV-amcatnloFXFX-pythia8/RunIISummer15GS-MCRUN2_71_V1-v1/GEN-SIM'
config.Data.publication = False
config.Data.unitsPerJob = 20
config.Data.inputDBS = 'global'
config.Data.splitting = 'LumiBased'
config.Data.useParent = True
config.Data.outLFNDirBase = '/store/user/jhchoi/'
config.section_('Site')
config.Site.whitelist = ['T2_KR_KNU']
config.Site.storageSite = 'T2_KR_KNU'
config.section_('User')
config.section_('Debug')

DEBUG 2018-03-30 17:20:12,877: 	 self.config.JobType.psetName: ISR_GEN_Ntupler_muon_status2223.py
INFO 2018-03-30 17:20:12,877: 	 Importing CMSSW configuration ISR_GEN_Ntupler_muon_status2223.py
INFO 2018-03-30 17:20:12,931: 	 Finished importing CMSSW configuration ISR_GEN_Ntupler_muon_status2223.py
DEBUG 2018-03-30 17:20:12,931: 	 Writing CMSSW configuration to /cms/ldap_home/jhchoi/miniAOD_copy/CMSSW_8_0_21/src/Analyzer/JHanalyzer/python/crab_projects/crab_crab_ISR_GEN_Ntupler_10to50_muon_status2223_v2/inputs/PSet.py
DEBUG 2018-03-30 17:20:12,947: 	 The following EDM output files will be collected: []
DEBUG 2018-03-30 17:20:12,947: 	 The following TFile output files will be collected: ['ISR_GENtuple.root']
DEBUG 2018-03-30 17:20:12,947: 	 The following user output files will be collected: []
DEBUG 2018-03-30 17:20:12,947: 	 Loading required information from the environment
DEBUG 2018-03-30 17:20:12,947: 	 Found CMSSW_8_0_21 for slc6_amd64_gcc530 with base /cms/ldap_home/jhchoi/miniAOD_copy/CMSSW_8_0_21
DEBUG 2018-03-30 17:20:12,947: 	 Making tarball in /cms/ldap_home/jhchoi/miniAOD_copy/CMSSW_8_0_21/src/Analyzer/JHanalyzer/python/crab_projects/crab_crab_ISR_GEN_Ntupler_10to50_muon_status2223_v2/inputs/d2cfc4c4-5a8f-45a6-b443-258bca333fa6default.tgz
DEBUG 2018-03-30 17:20:12,983: 	 Checking directory /cms/ldap_home/jhchoi/miniAOD_copy/CMSSW_8_0_21/lib
DEBUG 2018-03-30 17:20:12,983: 	 Adding directory /cms/ldap_home/jhchoi/miniAOD_copy/CMSSW_8_0_21/lib to tarball
DEBUG 2018-03-30 17:20:13,036: 	 Checking directory /cms/ldap_home/jhchoi/miniAOD_copy/CMSSW_8_0_21/biglib
DEBUG 2018-03-30 17:20:13,036: 	 Adding directory /cms/ldap_home/jhchoi/miniAOD_copy/CMSSW_8_0_21/biglib to tarball
DEBUG 2018-03-30 17:20:13,037: 	 Checking directory /cms/ldap_home/jhchoi/miniAOD_copy/CMSSW_8_0_21/module
DEBUG 2018-03-30 17:20:13,467: 	 Uploading archive /cms/ldap_home/jhchoi/miniAOD_copy/CMSSW_8_0_21/src/Analyzer/JHanalyzer/python/crab_projects/crab_crab_ISR_GEN_Ntupler_10to50_muon_status2223_v2/inputs/d2cfc4c4-5a8f-45a6-b443-258bca333fa6default.tgz (83 KB) to the CRAB cache. Using URI https://cmsweb.cern.ch/crabcache
DEBUG 2018-03-30 17:20:17,149: 	 Loading required information from the environment
DEBUG 2018-03-30 17:20:17,150: 	 Found CMSSW_8_0_21 for slc6_amd64_gcc530 with base /cms/ldap_home/jhchoi/miniAOD_copy/CMSSW_8_0_21
DEBUG 2018-03-30 17:20:17,150: 	 Making tarball in /cms/ldap_home/jhchoi/miniAOD_copy/CMSSW_8_0_21/src/Analyzer/JHanalyzer/python/crab_projects/crab_crab_ISR_GEN_Ntupler_10to50_muon_status2223_v2/inputs/debugFiles.tgz
DEBUG 2018-03-30 17:20:17,156: 	 Uploading archive /cms/ldap_home/jhchoi/miniAOD_copy/CMSSW_8_0_21/src/Analyzer/JHanalyzer/python/crab_projects/crab_crab_ISR_GEN_Ntupler_10to50_muon_status2223_v2/inputs/debugFiles.tgz (1 KB) to the CRAB cache. Using URI https://cmsweb.cern.ch/crabcache
DEBUG 2018-03-30 17:20:19,426: 	 Result uploading input files: 0d744cee3a085ca2664cb33c7cb2ac9268b819c747a1605b443f5192e1794d35.tar.gz 
INFO 2018-03-30 17:20:19,426: 	 Sending the request to the server
DEBUG 2018-03-30 17:20:19,426: 	 Submitting {'maxjobruntime': 1250, 'extrajdl': [], 'ignorelocality': 0, 'savelogsflag': 0, 'useparent': 1, 'asyncdest': 'T2_KR_KNU', 'algoargs': 20, 'cachefilename': '0d744cee3a085ca2664cb33c7cb2ac9268b819c747a1605b443f5192e1794d35.tar.gz', 'numcores': 1, 'addoutputfiles': [], 'generator': 'pythia', 'maxmemory': 4000, 'publishdbsurl': 'https://cmsweb.cern.ch/dbs/prod/phys03/DBSWriter', 'priority': 10, 'jobsw': 'CMSSW_8_0_21', 'edmoutfiles': [], 'userfiles': [], 'primarydataset': '', 'inputdata': '/DYJetsToLL_M-10to50_TuneCUETP8M1_13TeV-amcatnloFXFX-pythia8/RunIISummer15GS-MCRUN2_71_V1-v1/GEN-SIM', 'lfn': '/store/user/jhchoi/', 'dryrun': 0, 'workflow': 'crab_crab_ISR_GEN_Ntupler_10to50_muon_status2223_v2', 'sitewhitelist': ['T2_KR_KNU'], 'nonprodsw': 0, 'tfileoutfiles': ['ISR_GENtuple.root'], 'oneEventMode': 0, 'debugfilename': '823783be1929d63f613f4de0b03c5fa2d5194a73f5341d635bf5dc857fe7ab8b.tar.gz', 'cacheurl': u'https://cmsweb.cern.ch/crabcache', 'saveoutput': 1, 'publication': 0, 'jobarch': 'slc6_amd64_gcc530', 'totalunits': 0, 'splitalgo': 'LumiBased', 'ignoreglobalblacklist': 0, 'nonvaliddata': 0, 'dbsurl': 'https://cmsweb.cern.ch/dbs/prod/global/DBSReader', 'publishgroupname': 0, 'jobtype': 'Analysis', 'publishname2': ''} 
DEBUG 2018-03-30 17:20:19,427: 	 Encoded submit request: maxjobruntime=1250&ignorelocality=0&savelogsflag=0&useparent=1&asyncdest=T2_KR_KNU&algoargs=20&cachefilename=0d744cee3a085ca2664cb33c7cb2ac9268b819c747a1605b443f5192e1794d35.tar.gz&numcores=1&generator=pythia&maxmemory=4000&publishdbsurl=https%3A%2F%2Fcmsweb.cern.ch%2Fdbs%2Fprod%2Fphys03%2FDBSWriter&priority=10&jobsw=CMSSW_8_0_21&primarydataset=&inputdata=%2FDYJetsToLL_M-10to50_TuneCUETP8M1_13TeV-amcatnloFXFX-pythia8%2FRunIISummer15GS-MCRUN2_71_V1-v1%2FGEN-SIM&lfn=%2Fstore%2Fuser%2Fjhchoi%2F&dryrun=0&workflow=crab_crab_ISR_GEN_Ntupler_10to50_muon_status2223_v2&nonprodsw=0&oneEventMode=0&debugfilename=823783be1929d63f613f4de0b03c5fa2d5194a73f5341d635bf5dc857fe7ab8b.tar.gz&cacheurl=https%3A%2F%2Fcmsweb.cern.ch%2Fcrabcache&saveoutput=1&publication=0&jobarch=slc6_amd64_gcc530&totalunits=0&splitalgo=LumiBased&ignoreglobalblacklist=0&nonvaliddata=0&dbsurl=https%3A%2F%2Fcmsweb.cern.ch%2Fdbs%2Fprod%2Fglobal%2FDBSReader&publishgroupname=0&jobtype=Analysis&publishname2=&sitewhitelist=T2_KR_KNU&tfileoutfiles=ISR_GENtuple.root
DEBUG 2018-03-30 17:20:21,904: 	 Result: {u'result': [{u'RequestName': u'180330_082021:jhchoi_crab_crab_ISR_GEN_Ntupler_10to50_muon_status2223_v2'}]}
INFO 2018-03-30 17:20:21,908: 	 Success: Your task has been delivered to the CRAB3 server.
INFO 2018-03-30 17:20:21,908: 	 Task name: 180330_082021:jhchoi_crab_crab_ISR_GEN_Ntupler_10to50_muon_status2223_v2
INFO 2018-03-30 17:20:21,908: 	 Please use 'crab status' to check how the submission process proceeds.
DEBUG 2018-03-30 17:20:21,908: 	 About to return
INFO 2018-03-30 17:20:21,911: 	 Log file is /cms/ldap_home/jhchoi/miniAOD_copy/CMSSW_8_0_21/src/Analyzer/JHanalyzer/python/crab_projects/crab_crab_ISR_GEN_Ntupler_10to50_muon_status2223_v2/crab.log
DEBUG 2018-03-30 17:23:21,745: 	 Executing command: 'status'
DEBUG 2018-03-30 17:23:21,746: 	 Found CRAB cache file /cms/ldap_home/jhchoi/.crab3
DEBUG 2018-03-30 17:23:21,754: 	 Checking credentials
DEBUG 2018-03-30 17:23:21,754: 	 Found proxy file /tmp/x509up_u556950710
DEBUG 2018-03-30 17:23:21,754: 	 Getting proxy life time left
DEBUG 2018-03-30 17:23:21,856: 	 Executing : 
 command : voms-proxy-info -file /tmp/x509up_u556950710 -timeleft
 output : 85985

 error: 
 retcode : 0
DEBUG 2018-03-30 17:23:21,958: 	 Executing : 
 command : voms-proxy-info -file /tmp/x509up_u556950710 -actimeleft
 output : 85985

 error: 
 retcode : 0
DEBUG 2018-03-30 17:23:21,958: 	 Proxy valid for 23:53:05 hours
DEBUG 2018-03-30 17:23:22,071: 	 Executing : 
 command : openssl x509 -in ~/.globus/usercert.pem -subject -noout
 output : subject= /DC=ch/DC=cern/OU=Organic Units/OU=Users/CN=jhchoi/CN=783142/CN=Junho Choi

 error: 
 retcode : 0
DEBUG 2018-03-30 17:23:22,072: 	 Checking credentials
DEBUG 2018-03-30 17:23:22,072: 	 Found proxy file /tmp/x509up_u556950710
DEBUG 2018-03-30 17:23:22,072: 	 Getting proxy life time left
DEBUG 2018-03-30 17:23:22,174: 	 Executing : 
 command : voms-proxy-info -file /tmp/x509up_u556950710 -timeleft
 output : 85984

 error: 
 retcode : 0
DEBUG 2018-03-30 17:23:22,276: 	 Executing : 
 command : voms-proxy-info -file /tmp/x509up_u556950710 -actimeleft
 output : 85984

 error: 
 retcode : 0
DEBUG 2018-03-30 17:23:22,277: 	 Proxy valid for 23:53:04 hours
DEBUG 2018-03-30 17:23:24,255: 	 Registering user credentials for server /DC=ch/DC=cern/OU=computers/CN=vocms(045|052|021|031|0118|0118a|0119|0108|0105|0109).cern.ch
DEBUG 2018-03-30 17:23:24,361: 	 Executing : 
 command : openssl x509 -in ~/.globus/usercert.pem -subject -noout
 output : subject= /DC=ch/DC=cern/OU=Organic Units/OU=Users/CN=jhchoi/CN=783142/CN=Junho Choi

 error: 
 retcode : 0
DEBUG 2018-03-30 17:23:24,361: 	 Getting myproxy life time left for myproxy.cern.ch
DEBUG 2018-03-30 17:23:24,361: 	 Calculating hash of /DC=ch/DC=cern/OU=Organic Units/OU=Users/CN=jhchoi/CN=783142/CN=Junho Choi_cmsweb.cern.ch for credential name
DEBUG 2018-03-30 17:23:26,467: 	 Executing : 
 command : myproxy-info -l dae06a62b13c1e0775eb39a9f7eb9d9800db9ada -s myproxy.cern.ch
 output : username: dae06a62b13c1e0775eb39a9f7eb9d9800db9ada
owner: /DC=ch/DC=cern/OU=Organic Units/OU=Users/CN=jhchoi/CN=783142/CN=Junho Choi
  renewal policy: /DC=ch/DC=cern/OU=computers/CN=vocms(045|052|021|031|0118|0118a|0119|0108|0105|0109).cern.ch
  trusted retrieval policy: /DC=ch/DC=cern/OU=computers/CN=vocms(045|052|021|031|0118|0118a|0119|0108|0105|0109).cern.ch
  timeleft: 480:32:51  (20.0 days)

 error: 
 retcode : 0
DEBUG 2018-03-30 17:23:26,469: 	 Myproxy is valid: 1729971
DEBUG 2018-03-30 17:23:26,469: 	 Command use: status
DEBUG 2018-03-30 17:23:26,469: 	 Options use: ['-d', 'crab_projects/crab_crab_ISR_GEN_Ntupler_10to50_muon_status2223_v2/']
DEBUG 2018-03-30 17:23:29,112: 	 CRABClient version: 3.3.1803
DEBUG 2018-03-30 17:23:29,112: 	 Instance is prod
DEBUG 2018-03-30 17:23:29,112: 	 Server base url is cmsweb.cern.ch
DEBUG 2018-03-30 17:23:29,112: 	 Command url /crabserver/prod/workflow
DEBUG 2018-03-30 17:23:30,872: 	 Got information from server oracle database: {u'result': [u'180330_082021:jhchoi_crab_crab_ISR_GEN_Ntupler_10to50_muon_status2223_v2', u'None', u'None', u'NEW', u'SUBMIT', u'2018-03-30 08:20:21.628404', u'None', u'None', u'None', u'CMSSW_8_0_21', u'slc6_amd64_gcc530', u'/DYJetsToLL_M-10to50_TuneCUETP8M1_13TeV-amcatnloFXFX-pythia8/RunIISummer15GS-MCRUN2_71_V1-v1/GEN-SIM', u'F', u'1', u"['T2_KR_KNU']", u'[]', u'LumiBased', u"{'splitOnRun': False, 'halt_job_on_file_boundaries': False, 'lumis': [], 'runs': [], 'lumis_per_job': 20}", u'0d744cee3a085ca2664cb33c7cb2ac9268b819c747a1605b443f5192e1794d35.tar.gz', u'https://cmsweb.cern.ch/crabcache', u'jhchoi', u'/DC=ch/DC=cern/OU=Organic Units/OU=Users/CN=jhchoi/CN=783142/CN=Junho Choi', u'cms', u'None', u'None', u'crab_crab_ISR_GEN_Ntupler_10to50_muon_status2223_v2-00000000000000000000000000000000', u'F', u'T2_KR_KNU', u'https://cmsweb.cern.ch/dbs/prod/global/DBSReader', u'https://cmsweb.cern.ch/dbs/prod/phys03/DBSWriter', u'F', u'[]', u"['ISR_GENtuple.root']", u'[]', u'Analysis', u'pythia', u'None', u'{}', u'[]', u'F', u'None', u'[]', u'1250', u'1', u'4000', u'10', u'None', u'[]', u'None', u'None', u'[]', u'[]', u'https://cmsweb.cern.ch/crabserver/prod', u'cmsgwms-collector-global.cern.ch:9620,cmssrv221.fnal.gov:9620', u'None', u'F', u'[]', u'T', u'/store/user/jhchoi/', u'F', u'None', u'F', u'None', u'DYJetsToLL_M-10to50_TuneCUETP8M1_13TeV-amcatnloFXFX-pythia8', u'None', u'823783be1929d63f613f4de0b03c5fa2d5194a73f5341d635bf5dc857fe7ab8b.tar.gz', u'None', u'filetransfers', u'F', u'134.75.124.121', u'0.0'], u'desc': {u'columns': [u'tm_taskname', u'tm_activity', u'panda_jobset_id', u'tm_task_status', u'tm_task_command', u'tm_start_time', u'tm_start_injection', u'tm_end_injection', u'tm_task_failure', u'tm_job_sw', u'tm_job_arch', u'tm_input_dataset', u'tm_nonvalid_input_dataset', u'tm_use_parent', u'tm_site_whitelist', u'tm_site_blacklist', u'tm_split_algo', u'tm_split_args', u'tm_user_sandbox', u'tm_cache_url', u'tm_username', u'tm_user_dn', u'tm_user_vo', u'tm_user_role', u'tm_user_group', u'tm_publish_name', u'tm_publish_groupname', u'tm_asyncdest', u'tm_dbs_url', u'tm_publish_dbs_url', u'tm_publication', u'tm_outfiles', u'tm_tfile_outfiles', u'tm_edm_outfiles', u'tm_job_type', u'tm_generator', u'tm_events_per_lumi', u'tm_arguments', u'panda_resubmitted_jobs', u'tm_save_logs', u'tw_name', u'tm_user_infiles', u'tm_maxjobruntime', u'tm_numcores', u'tm_maxmemory', u'tm_priority', u'tm_output_dataset', u'tm_task_warnings', u'tm_user_webdir', u'tm_scriptexe', u'tm_scriptargs', u'tm_extrajdl', u'tm_asourl', u'tm_collector', u'tm_schedd', u'tm_dry_run', u'tm_user_files', u'tm_transfer_outputs', u'tm_output_lfn', u'tm_ignore_locality', u'tm_fail_limit', u'tm_one_event_mode', u'tm_secondary_input_dataset', u'tm_primary_dataset', u'tm_last_publication', u'tm_debug_files', u'clusterid', u'tm_asodb', u'tm_ignore_global_blacklist', u'tm_submitter_ip_addr', u'tm_totalunits']}}
INFO 2018-03-30 17:23:30,872: 	 CRAB project directory:		/cms/ldap_home/jhchoi/miniAOD_copy/CMSSW_8_0_21/src/Analyzer/JHanalyzer/python/crab_projects/crab_crab_ISR_GEN_Ntupler_10to50_muon_status2223_v2
INFO 2018-03-30 17:23:30,872: 	 Task name:			180330_082021:jhchoi_crab_crab_ISR_GEN_Ntupler_10to50_muon_status2223_v2
INFO 2018-03-30 17:23:30,872: 	 Status on the CRAB server:	NEW on command SUBMIT
INFO 2018-03-30 17:23:30,872: 	 Task URL to use for HELP:	https://cmsweb.cern.ch/crabserver/ui/task/180330_082021%3Ajhchoi_crab_crab_ISR_GEN_Ntupler_10to50_muon_status2223_v2
DEBUG 2018-03-30 17:23:30,872: 	 The task has not been submitted to the Grid scheduler yet. Not printing job information.
INFO 2018-03-30 17:23:31,036: 	 Log file is /cms/ldap_home/jhchoi/miniAOD_copy/CMSSW_8_0_21/src/Analyzer/JHanalyzer/python/crab_projects/crab_crab_ISR_GEN_Ntupler_10to50_muon_status2223_v2/crab.log
DEBUG 2018-03-30 17:31:12,546: 	 Executing command: 'status'
DEBUG 2018-03-30 17:31:12,553: 	 Found CRAB cache file /cms/ldap_home/jhchoi/.crab3
DEBUG 2018-03-30 17:31:12,562: 	 Checking credentials
DEBUG 2018-03-30 17:31:12,563: 	 Found proxy file /tmp/x509up_u556950710
DEBUG 2018-03-30 17:31:12,563: 	 Getting proxy life time left
DEBUG 2018-03-30 17:31:12,665: 	 Executing : 
 command : voms-proxy-info -file /tmp/x509up_u556950710 -timeleft
 output : 85514

 error: 
 retcode : 0
DEBUG 2018-03-30 17:31:12,768: 	 Executing : 
 command : voms-proxy-info -file /tmp/x509up_u556950710 -actimeleft
 output : 85514

 error: 
 retcode : 0
DEBUG 2018-03-30 17:31:12,768: 	 Proxy valid for 23:45:14 hours
DEBUG 2018-03-30 17:31:12,883: 	 Executing : 
 command : openssl x509 -in ~/.globus/usercert.pem -subject -noout
 output : subject= /DC=ch/DC=cern/OU=Organic Units/OU=Users/CN=jhchoi/CN=783142/CN=Junho Choi

 error: 
 retcode : 0
DEBUG 2018-03-30 17:31:12,883: 	 Checking credentials
DEBUG 2018-03-30 17:31:12,883: 	 Found proxy file /tmp/x509up_u556950710
DEBUG 2018-03-30 17:31:12,883: 	 Getting proxy life time left
DEBUG 2018-03-30 17:31:12,986: 	 Executing : 
 command : voms-proxy-info -file /tmp/x509up_u556950710 -timeleft
 output : 85514

 error: 
 retcode : 0
DEBUG 2018-03-30 17:31:13,089: 	 Executing : 
 command : voms-proxy-info -file /tmp/x509up_u556950710 -actimeleft
 output : 85513

 error: 
 retcode : 0
DEBUG 2018-03-30 17:31:13,089: 	 Proxy valid for 23:45:14 hours
DEBUG 2018-03-30 17:31:15,066: 	 Registering user credentials for server /DC=ch/DC=cern/OU=computers/CN=vocms(045|052|021|031|0118|0118a|0119|0108|0105|0109).cern.ch
DEBUG 2018-03-30 17:31:15,172: 	 Executing : 
 command : openssl x509 -in ~/.globus/usercert.pem -subject -noout
 output : subject= /DC=ch/DC=cern/OU=Organic Units/OU=Users/CN=jhchoi/CN=783142/CN=Junho Choi

 error: 
 retcode : 0
DEBUG 2018-03-30 17:31:15,172: 	 Getting myproxy life time left for myproxy.cern.ch
DEBUG 2018-03-30 17:31:15,172: 	 Calculating hash of /DC=ch/DC=cern/OU=Organic Units/OU=Users/CN=jhchoi/CN=783142/CN=Junho Choi_cmsweb.cern.ch for credential name
DEBUG 2018-03-30 17:31:16,977: 	 Executing : 
 command : myproxy-info -l dae06a62b13c1e0775eb39a9f7eb9d9800db9ada -s myproxy.cern.ch
 output : username: dae06a62b13c1e0775eb39a9f7eb9d9800db9ada
owner: /DC=ch/DC=cern/OU=Organic Units/OU=Users/CN=jhchoi/CN=783142/CN=Junho Choi
  renewal policy: /DC=ch/DC=cern/OU=computers/CN=vocms(045|052|021|031|0118|0118a|0119|0108|0105|0109).cern.ch
  trusted retrieval policy: /DC=ch/DC=cern/OU=computers/CN=vocms(045|052|021|031|0118|0118a|0119|0108|0105|0109).cern.ch
  timeleft: 480:25:01  (20.0 days)

 error: 
 retcode : 0
DEBUG 2018-03-30 17:31:16,979: 	 Myproxy is valid: 1729501
DEBUG 2018-03-30 17:31:16,979: 	 Command use: status
DEBUG 2018-03-30 17:31:16,979: 	 Options use: ['-d', 'crab_projects/crab_crab_ISR_GEN_Ntupler_10to50_muon_status2223_v2/']
DEBUG 2018-03-30 17:31:18,724: 	 CRABClient version: 3.3.1803
DEBUG 2018-03-30 17:31:18,724: 	 Instance is prod
DEBUG 2018-03-30 17:31:18,724: 	 Server base url is cmsweb.cern.ch
DEBUG 2018-03-30 17:31:18,724: 	 Command url /crabserver/prod/workflow
DEBUG 2018-03-30 17:31:20,626: 	 Got information from server oracle database: {u'result': [u'180330_082021:jhchoi_crab_crab_ISR_GEN_Ntupler_10to50_muon_status2223_v2', u'None', u'None', u'NEW', u'SUBMIT', u'2018-03-30 08:20:21.628404', u'None', u'None', u'None', u'CMSSW_8_0_21', u'slc6_amd64_gcc530', u'/DYJetsToLL_M-10to50_TuneCUETP8M1_13TeV-amcatnloFXFX-pythia8/RunIISummer15GS-MCRUN2_71_V1-v1/GEN-SIM', u'F', u'1', u"['T2_KR_KNU']", u'[]', u'LumiBased', u"{'splitOnRun': False, 'halt_job_on_file_boundaries': False, 'lumis': [], 'runs': [], 'lumis_per_job': 20}", u'0d744cee3a085ca2664cb33c7cb2ac9268b819c747a1605b443f5192e1794d35.tar.gz', u'https://cmsweb.cern.ch/crabcache', u'jhchoi', u'/DC=ch/DC=cern/OU=Organic Units/OU=Users/CN=jhchoi/CN=783142/CN=Junho Choi', u'cms', u'None', u'None', u'crab_crab_ISR_GEN_Ntupler_10to50_muon_status2223_v2-00000000000000000000000000000000', u'F', u'T2_KR_KNU', u'https://cmsweb.cern.ch/dbs/prod/global/DBSReader', u'https://cmsweb.cern.ch/dbs/prod/phys03/DBSWriter', u'F', u'[]', u"['ISR_GENtuple.root']", u'[]', u'Analysis', u'pythia', u'None', u'{}', u'[]', u'F', u'None', u'[]', u'1250', u'1', u'4000', u'10', u'None', u'[]', u'None', u'None', u'[]', u'[]', u'https://cmsweb.cern.ch/crabserver/prod', u'cmsgwms-collector-global.cern.ch:9620,cmssrv221.fnal.gov:9620', u'None', u'F', u'[]', u'T', u'/store/user/jhchoi/', u'F', u'None', u'F', u'None', u'DYJetsToLL_M-10to50_TuneCUETP8M1_13TeV-amcatnloFXFX-pythia8', u'None', u'823783be1929d63f613f4de0b03c5fa2d5194a73f5341d635bf5dc857fe7ab8b.tar.gz', u'None', u'filetransfers', u'F', u'134.75.124.121', u'0.0'], u'desc': {u'columns': [u'tm_taskname', u'tm_activity', u'panda_jobset_id', u'tm_task_status', u'tm_task_command', u'tm_start_time', u'tm_start_injection', u'tm_end_injection', u'tm_task_failure', u'tm_job_sw', u'tm_job_arch', u'tm_input_dataset', u'tm_nonvalid_input_dataset', u'tm_use_parent', u'tm_site_whitelist', u'tm_site_blacklist', u'tm_split_algo', u'tm_split_args', u'tm_user_sandbox', u'tm_cache_url', u'tm_username', u'tm_user_dn', u'tm_user_vo', u'tm_user_role', u'tm_user_group', u'tm_publish_name', u'tm_publish_groupname', u'tm_asyncdest', u'tm_dbs_url', u'tm_publish_dbs_url', u'tm_publication', u'tm_outfiles', u'tm_tfile_outfiles', u'tm_edm_outfiles', u'tm_job_type', u'tm_generator', u'tm_events_per_lumi', u'tm_arguments', u'panda_resubmitted_jobs', u'tm_save_logs', u'tw_name', u'tm_user_infiles', u'tm_maxjobruntime', u'tm_numcores', u'tm_maxmemory', u'tm_priority', u'tm_output_dataset', u'tm_task_warnings', u'tm_user_webdir', u'tm_scriptexe', u'tm_scriptargs', u'tm_extrajdl', u'tm_asourl', u'tm_collector', u'tm_schedd', u'tm_dry_run', u'tm_user_files', u'tm_transfer_outputs', u'tm_output_lfn', u'tm_ignore_locality', u'tm_fail_limit', u'tm_one_event_mode', u'tm_secondary_input_dataset', u'tm_primary_dataset', u'tm_last_publication', u'tm_debug_files', u'clusterid', u'tm_asodb', u'tm_ignore_global_blacklist', u'tm_submitter_ip_addr', u'tm_totalunits']}}
INFO 2018-03-30 17:31:20,626: 	 CRAB project directory:		/cms/ldap_home/jhchoi/miniAOD_copy/CMSSW_8_0_21/src/Analyzer/JHanalyzer/python/crab_projects/crab_crab_ISR_GEN_Ntupler_10to50_muon_status2223_v2
INFO 2018-03-30 17:31:20,626: 	 Task name:			180330_082021:jhchoi_crab_crab_ISR_GEN_Ntupler_10to50_muon_status2223_v2
INFO 2018-03-30 17:31:20,626: 	 Status on the CRAB server:	NEW on command SUBMIT
INFO 2018-03-30 17:31:20,626: 	 Task URL to use for HELP:	https://cmsweb.cern.ch/crabserver/ui/task/180330_082021%3Ajhchoi_crab_crab_ISR_GEN_Ntupler_10to50_muon_status2223_v2
DEBUG 2018-03-30 17:31:20,626: 	 The task has not been submitted to the Grid scheduler yet. Not printing job information.
INFO 2018-03-30 17:31:20,719: 	 Log file is /cms/ldap_home/jhchoi/miniAOD_copy/CMSSW_8_0_21/src/Analyzer/JHanalyzer/python/crab_projects/crab_crab_ISR_GEN_Ntupler_10to50_muon_status2223_v2/crab.log
DEBUG 2018-03-30 17:37:25,511: 	 Executing command: 'status'
DEBUG 2018-03-30 17:37:25,512: 	 Found CRAB cache file /cms/ldap_home/jhchoi/.crab3
DEBUG 2018-03-30 17:37:25,520: 	 Checking credentials
DEBUG 2018-03-30 17:37:25,522: 	 Found proxy file /tmp/x509up_u556950710
DEBUG 2018-03-30 17:37:25,522: 	 Getting proxy life time left
DEBUG 2018-03-30 17:37:25,624: 	 Executing : 
 command : voms-proxy-info -file /tmp/x509up_u556950710 -timeleft
 output : 85141

 error: 
 retcode : 0
DEBUG 2018-03-30 17:37:25,727: 	 Executing : 
 command : voms-proxy-info -file /tmp/x509up_u556950710 -actimeleft
 output : 85141

 error: 
 retcode : 0
DEBUG 2018-03-30 17:37:25,727: 	 Proxy valid for 23:39:01 hours
DEBUG 2018-03-30 17:37:25,841: 	 Executing : 
 command : openssl x509 -in ~/.globus/usercert.pem -subject -noout
 output : subject= /DC=ch/DC=cern/OU=Organic Units/OU=Users/CN=jhchoi/CN=783142/CN=Junho Choi

 error: 
 retcode : 0
DEBUG 2018-03-30 17:37:25,841: 	 Checking credentials
DEBUG 2018-03-30 17:37:25,841: 	 Found proxy file /tmp/x509up_u556950710
DEBUG 2018-03-30 17:37:25,841: 	 Getting proxy life time left
DEBUG 2018-03-30 17:37:25,944: 	 Executing : 
 command : voms-proxy-info -file /tmp/x509up_u556950710 -timeleft
 output : 85141

 error: 
 retcode : 0
DEBUG 2018-03-30 17:37:26,046: 	 Executing : 
 command : voms-proxy-info -file /tmp/x509up_u556950710 -actimeleft
 output : 85141

 error: 
 retcode : 0
DEBUG 2018-03-30 17:37:26,047: 	 Proxy valid for 23:39:01 hours
DEBUG 2018-03-30 17:37:28,055: 	 Registering user credentials for server /DC=ch/DC=cern/OU=computers/CN=vocms(045|052|021|031|0118|0118a|0119|0108|0105|0109).cern.ch
DEBUG 2018-03-30 17:37:28,161: 	 Executing : 
 command : openssl x509 -in ~/.globus/usercert.pem -subject -noout
 output : subject= /DC=ch/DC=cern/OU=Organic Units/OU=Users/CN=jhchoi/CN=783142/CN=Junho Choi

 error: 
 retcode : 0
DEBUG 2018-03-30 17:37:28,161: 	 Getting myproxy life time left for myproxy.cern.ch
DEBUG 2018-03-30 17:37:28,161: 	 Calculating hash of /DC=ch/DC=cern/OU=Organic Units/OU=Users/CN=jhchoi/CN=783142/CN=Junho Choi_cmsweb.cern.ch for credential name
DEBUG 2018-03-30 17:37:29,866: 	 Executing : 
 command : myproxy-info -l dae06a62b13c1e0775eb39a9f7eb9d9800db9ada -s myproxy.cern.ch
 output : username: dae06a62b13c1e0775eb39a9f7eb9d9800db9ada
owner: /DC=ch/DC=cern/OU=Organic Units/OU=Users/CN=jhchoi/CN=783142/CN=Junho Choi
  renewal policy: /DC=ch/DC=cern/OU=computers/CN=vocms(045|052|021|031|0118|0118a|0119|0108|0105|0109).cern.ch
  trusted retrieval policy: /DC=ch/DC=cern/OU=computers/CN=vocms(045|052|021|031|0118|0118a|0119|0108|0105|0109).cern.ch
  timeleft: 480:18:48  (20.0 days)

 error: 
 retcode : 0
DEBUG 2018-03-30 17:37:29,868: 	 Myproxy is valid: 1729128
DEBUG 2018-03-30 17:37:29,868: 	 Command use: status
DEBUG 2018-03-30 17:37:29,868: 	 Options use: ['-d', 'crab_projects/crab_crab_ISR_GEN_Ntupler_10to50_muon_status2223_v2/']
DEBUG 2018-03-30 17:37:32,092: 	 CRABClient version: 3.3.1803
DEBUG 2018-03-30 17:37:32,092: 	 Instance is prod
DEBUG 2018-03-30 17:37:32,092: 	 Server base url is cmsweb.cern.ch
DEBUG 2018-03-30 17:37:32,092: 	 Command url /crabserver/prod/workflow
DEBUG 2018-03-30 17:37:33,842: 	 Got information from server oracle database: {u'result': [u'180330_082021:jhchoi_crab_crab_ISR_GEN_Ntupler_10to50_muon_status2223_v2', u'None', u'None', u'NEW', u'SUBMIT', u'2018-03-30 08:20:21.628404', u'None', u'None', u'None', u'CMSSW_8_0_21', u'slc6_amd64_gcc530', u'/DYJetsToLL_M-10to50_TuneCUETP8M1_13TeV-amcatnloFXFX-pythia8/RunIISummer15GS-MCRUN2_71_V1-v1/GEN-SIM', u'F', u'1', u"['T2_KR_KNU']", u'[]', u'LumiBased', u"{'splitOnRun': False, 'halt_job_on_file_boundaries': False, 'lumis': [], 'runs': [], 'lumis_per_job': 20}", u'0d744cee3a085ca2664cb33c7cb2ac9268b819c747a1605b443f5192e1794d35.tar.gz', u'https://cmsweb.cern.ch/crabcache', u'jhchoi', u'/DC=ch/DC=cern/OU=Organic Units/OU=Users/CN=jhchoi/CN=783142/CN=Junho Choi', u'cms', u'None', u'None', u'crab_crab_ISR_GEN_Ntupler_10to50_muon_status2223_v2-00000000000000000000000000000000', u'F', u'T2_KR_KNU', u'https://cmsweb.cern.ch/dbs/prod/global/DBSReader', u'https://cmsweb.cern.ch/dbs/prod/phys03/DBSWriter', u'F', u'[]', u"['ISR_GENtuple.root']", u'[]', u'Analysis', u'pythia', u'None', u'{}', u'[]', u'F', u'None', u'[]', u'1250', u'1', u'4000', u'10', u'None', u'[]', u'None', u'None', u'[]', u'[]', u'https://cmsweb.cern.ch/crabserver/prod', u'cmsgwms-collector-global.cern.ch:9620,cmssrv221.fnal.gov:9620', u'None', u'F', u'[]', u'T', u'/store/user/jhchoi/', u'F', u'None', u'F', u'None', u'DYJetsToLL_M-10to50_TuneCUETP8M1_13TeV-amcatnloFXFX-pythia8', u'None', u'823783be1929d63f613f4de0b03c5fa2d5194a73f5341d635bf5dc857fe7ab8b.tar.gz', u'None', u'filetransfers', u'F', u'134.75.124.121', u'0.0'], u'desc': {u'columns': [u'tm_taskname', u'tm_activity', u'panda_jobset_id', u'tm_task_status', u'tm_task_command', u'tm_start_time', u'tm_start_injection', u'tm_end_injection', u'tm_task_failure', u'tm_job_sw', u'tm_job_arch', u'tm_input_dataset', u'tm_nonvalid_input_dataset', u'tm_use_parent', u'tm_site_whitelist', u'tm_site_blacklist', u'tm_split_algo', u'tm_split_args', u'tm_user_sandbox', u'tm_cache_url', u'tm_username', u'tm_user_dn', u'tm_user_vo', u'tm_user_role', u'tm_user_group', u'tm_publish_name', u'tm_publish_groupname', u'tm_asyncdest', u'tm_dbs_url', u'tm_publish_dbs_url', u'tm_publication', u'tm_outfiles', u'tm_tfile_outfiles', u'tm_edm_outfiles', u'tm_job_type', u'tm_generator', u'tm_events_per_lumi', u'tm_arguments', u'panda_resubmitted_jobs', u'tm_save_logs', u'tw_name', u'tm_user_infiles', u'tm_maxjobruntime', u'tm_numcores', u'tm_maxmemory', u'tm_priority', u'tm_output_dataset', u'tm_task_warnings', u'tm_user_webdir', u'tm_scriptexe', u'tm_scriptargs', u'tm_extrajdl', u'tm_asourl', u'tm_collector', u'tm_schedd', u'tm_dry_run', u'tm_user_files', u'tm_transfer_outputs', u'tm_output_lfn', u'tm_ignore_locality', u'tm_fail_limit', u'tm_one_event_mode', u'tm_secondary_input_dataset', u'tm_primary_dataset', u'tm_last_publication', u'tm_debug_files', u'clusterid', u'tm_asodb', u'tm_ignore_global_blacklist', u'tm_submitter_ip_addr', u'tm_totalunits']}}
INFO 2018-03-30 17:37:33,843: 	 CRAB project directory:		/cms/ldap_home/jhchoi/miniAOD_copy/CMSSW_8_0_21/src/Analyzer/JHanalyzer/python/crab_projects/crab_crab_ISR_GEN_Ntupler_10to50_muon_status2223_v2
INFO 2018-03-30 17:37:33,843: 	 Task name:			180330_082021:jhchoi_crab_crab_ISR_GEN_Ntupler_10to50_muon_status2223_v2
INFO 2018-03-30 17:37:33,843: 	 Status on the CRAB server:	NEW on command SUBMIT
INFO 2018-03-30 17:37:33,843: 	 Task URL to use for HELP:	https://cmsweb.cern.ch/crabserver/ui/task/180330_082021%3Ajhchoi_crab_crab_ISR_GEN_Ntupler_10to50_muon_status2223_v2
DEBUG 2018-03-30 17:37:33,843: 	 The task has not been submitted to the Grid scheduler yet. Not printing job information.
INFO 2018-03-30 17:37:33,865: 	 Log file is /cms/ldap_home/jhchoi/miniAOD_copy/CMSSW_8_0_21/src/Analyzer/JHanalyzer/python/crab_projects/crab_crab_ISR_GEN_Ntupler_10to50_muon_status2223_v2/crab.log
